<?xml version="1.0" encoding="UTF-8"?>
<!-- Generated by org.testng.reporters.JUnitReportReporter -->
<testsuite hostname="X8002009" failures="0" tests="1" name="Academy.Validation" time="0.169" errors="0" timestamp="2020-05-23T16:07:14 CDT" skipped="0">
  <testcase classname="Academy.Validation" name="validateCourses" time="0.169"/>
  <system-out/>
</testsuite> <!-- Academy.Validation -->
