<?xml version="1.0" encoding="UTF-8"?>
<!-- Generated by org.testng.reporters.JUnitReportReporter -->
<testsuite hostname="X8002009" failures="0" tests="2" name="Academy.HomePage" time="26.478" errors="0" timestamp="2020-05-23T16:20:41 CDT" skipped="0">
  <testcase classname="Academy.HomePage" name="basePageNavigation" time="18.149"/>
  <system-out/>
  <testcase classname="Academy.HomePage" name="basePageNavigation" time="8.329"/>
  <system-out/>
</testsuite> <!-- Academy.HomePage -->
