<?xml version="1.0" encoding="UTF-8"?>
<!-- Generated by org.testng.reporters.JUnitReportReporter -->
<testsuite hostname="X8002009" failures="0" tests="1" name="CucumberOption.TestRunner" time="61.271" errors="0" timestamp="2020-06-09T18:22:34 CDT" skipped="0">
  <testcase classname="CucumberOption.TestRunner" name="feature" time="61.271"/>
  <system-out/>
</testsuite> <!-- CucumberOption.TestRunner -->
